<?xml version="1.0" encoding="UTF-8"?>
<testng-results skipped="0" failed="0" total="1" passed="1">
  <reporter-output>
  </reporter-output>
  <suite name="Default suite" duration-ms="44600" started-at="2017-06-19T06:33:19Z" finished-at="2017-06-19T06:34:04Z">
    <groups>
    </groups>
    <test name="Default test" duration-ms="44600" started-at="2017-06-19T06:33:19Z" finished-at="2017-06-19T06:34:04Z">
      <class name="JenkinsDemo">
        <test-method status="PASS" signature="testGoogleSearch()[pri:0, instance:JenkinsDemo@29ee9faa]" name="testGoogleSearch" duration-ms="44581" started-at="2017-06-19T12:03:19Z" finished-at="2017-06-19T12:04:04Z">
          <reporter-output>
          </reporter-output>
        </test-method> <!-- testGoogleSearch -->
      </class> <!-- JenkinsDemo -->
    </test> <!-- Default test -->
  </suite> <!-- Default suite -->
</testng-results>
